0 info it worked if it ends with ok
1 verbose cli [ '/usr/local/Cellar/node/6.7.0/bin/node',
1 verbose cli   '/usr/local/bin/npm',
1 verbose cli   'run',
1 verbose cli   'build:company-dev' ]
2 info using npm@3.10.7
3 info using node@v6.7.0
4 verbose run-script [ 'prebuild:company-dev',
4 verbose run-script   'build:company-dev',
4 verbose run-script   'postbuild:company-dev' ]
5 info lifecycle graphicalmodel-lab@1.0.0~prebuild:company-dev: graphicalmodel-lab@1.0.0
6 silly lifecycle graphicalmodel-lab@1.0.0~prebuild:company-dev: no script for prebuild:company-dev, continuing
7 info lifecycle graphicalmodel-lab@1.0.0~build:company-dev: graphicalmodel-lab@1.0.0
8 verbose lifecycle graphicalmodel-lab@1.0.0~build:company-dev: unsafe-perm in lifecycle true
9 verbose lifecycle graphicalmodel-lab@1.0.0~build:company-dev: PATH: /usr/local/lib/node_modules/npm/bin/node-gyp-bin:/Users/itomao/git/GML_SaaS/ui/v0.1/node_modules/.bin:/usr/local/Cellar/node/6.7.0/bin:/usr/local/bin:/usr/bin:/bin:/usr/sbin:/sbin:/Library/TeX/texbin:/Users/itomao/.rvm/bin
10 verbose lifecycle graphicalmodel-lab@1.0.0~build:company-dev: CWD: /Users/itomao/git/GML_SaaS/ui/v0.1
11 silly lifecycle graphicalmodel-lab@1.0.0~build:company-dev: Args: [ '-c',
11 silly lifecycle   'webpack --progress --colors --watch --config ./company/webpack.config.dev.js' ]
12 silly lifecycle graphicalmodel-lab@1.0.0~build:company-dev: Returned: code: 1  signal: null
13 info lifecycle graphicalmodel-lab@1.0.0~build:company-dev: Failed to exec build:company-dev script
14 verbose stack Error: graphicalmodel-lab@1.0.0 build:company-dev: `webpack --progress --colors --watch --config ./company/webpack.config.dev.js`
14 verbose stack Exit status 1
14 verbose stack     at EventEmitter.<anonymous> (/usr/local/lib/node_modules/npm/lib/utils/lifecycle.js:255:16)
14 verbose stack     at emitTwo (events.js:106:13)
14 verbose stack     at EventEmitter.emit (events.js:191:7)
14 verbose stack     at ChildProcess.<anonymous> (/usr/local/lib/node_modules/npm/lib/utils/spawn.js:40:14)
14 verbose stack     at emitTwo (events.js:106:13)
14 verbose stack     at ChildProcess.emit (events.js:191:7)
14 verbose stack     at maybeClose (internal/child_process.js:877:16)
14 verbose stack     at Process.ChildProcess._handle.onexit (internal/child_process.js:226:5)
15 verbose pkgid graphicalmodel-lab@1.0.0
16 verbose cwd /Users/itomao/git/GML_SaaS/ui/v0.1
17 error Darwin 15.6.0
18 error argv "/usr/local/Cellar/node/6.7.0/bin/node" "/usr/local/bin/npm" "run" "build:company-dev"
19 error node v6.7.0
20 error npm  v3.10.7
21 error code ELIFECYCLE
22 error graphicalmodel-lab@1.0.0 build:company-dev: `webpack --progress --colors --watch --config ./company/webpack.config.dev.js`
22 error Exit status 1
23 error Failed at the graphicalmodel-lab@1.0.0 build:company-dev script 'webpack --progress --colors --watch --config ./company/webpack.config.dev.js'.
23 error Make sure you have the latest version of node.js and npm installed.
23 error If you do, this is most likely a problem with the graphicalmodel-lab package,
23 error not with npm itself.
23 error Tell the author that this fails on your system:
23 error     webpack --progress --colors --watch --config ./company/webpack.config.dev.js
23 error You can get information on how to open an issue for this project with:
23 error     npm bugs graphicalmodel-lab
23 error Or if that isn't available, you can get their info via:
23 error     npm owner ls graphicalmodel-lab
23 error There is likely additional logging output above.
24 verbose exit [ 1, true ]
